[14:13:16] [Datafixer Bootstrap/INFO]: 269 Datafixer optimizations took 2560 milliseconds
[14:13:32] [Render thread/INFO]: Environment: Environment[sessionHost=https://sessionserver.mojang.com, servicesHost=https://api.minecraftservices.com, name=PROD]
[14:13:33] [Render thread/INFO]: Setting user: alenkpo1
[14:13:33] [Render thread/INFO]: Backend library: LWJGL version 3.3.3+5
[14:13:34] [Render thread/INFO]: Using optional rendering extensions: GL_ARB_buffer_storage, GL_KHR_debug, GL_ARB_vertex_attrib_binding, GL_ARB_direct_state_access
[14:13:35] [Render thread/INFO]: Reloading ResourceManager: vanilla
[14:13:35] [Worker-Main-3/INFO]: Found unifont_all_no_pua-16.0.03.hex, loading
[14:13:35] [Worker-Main-1/INFO]: Found unifont_pua-16.0.03.hex, loading
[14:13:36] [Worker-Main-3/INFO]: Found unifont_jp_patch-16.0.03.hex, loading
[14:13:41] [Render thread/ERROR]: Error starting SoundSystem. Turning off sounds & music
java.lang.IllegalStateException: Failed to open OpenAL device
	at fli.a(SourceFile:297) ~[1.21.8.jar:?]
	at fli.a(SourceFile:154) ~[1.21.8.jar:?]
	at hwu.i(SourceFile:118) ~[1.21.8.jar:?]
	at hwu.a(SourceFile:108) ~[1.21.8.jar:?]
	at hwx.a(SourceFile:122) ~[1.21.8.jar:?]
	at hwx.a(SourceFile:41) ~[1.21.8.jar:?]
	at axt.a(SourceFile:14) ~[1.21.8.jar:?]
	at java.base/java.util.concurrent.CompletableFuture$UniAccept.tryFire(CompletableFuture.java:718) ~[?:?]
	at java.base/java.util.concurrent.CompletableFuture$Completion.run(CompletableFuture.java:482) ~[?:?]
	at axu.a(SourceFile:60) ~[1.21.8.jar:?]
	at bvx.d(SourceFile:164) [1.21.8.jar:?]
	at bwc.d(SourceFile:23) [1.21.8.jar:?]
	at bvx.B(SourceFile:138) [1.21.8.jar:?]
	at bvx.bA(SourceFile:123) [1.21.8.jar:?]
	at fue.c(SourceFile:1318) [1.21.8.jar:?]
	at fue.f(SourceFile:947) [1.21.8.jar:?]
	at net.minecraft.client.main.Main.main(SourceFile:265) [1.21.8.jar:?]
[14:13:41] [Render thread/INFO]: Created: 1024x512x4 minecraft:textures/atlas/blocks.png-atlas
[14:13:45] [Render thread/INFO]: Created: 256x256x4 minecraft:textures/atlas/signs.png-atlas
[14:13:45] [Render thread/INFO]: Created: 512x512x4 minecraft:textures/atlas/banner_patterns.png-atlas
[14:13:46] [Render thread/INFO]: Created: 512x512x4 minecraft:textures/atlas/shield_patterns.png-atlas
[14:13:47] [Render thread/INFO]: Created: 2048x1024x4 minecraft:textures/atlas/armor_trims.png-atlas
[14:13:53] [Render thread/INFO]: Created: 256x256x4 minecraft:textures/atlas/chest.png-atlas
[14:13:53] [Render thread/INFO]: Created: 128x64x4 minecraft:textures/atlas/decorated_pot.png-atlas
[14:13:53] [Render thread/INFO]: Created: 512x256x4 minecraft:textures/atlas/beds.png-atlas
[14:13:53] [Render thread/INFO]: Created: 512x256x4 minecraft:textures/atlas/shulker_boxes.png-atlas
[14:13:53] [Render thread/INFO]: Created: 64x64x0 minecraft:textures/atlas/map_decorations.png-atlas
[14:13:53] [Render thread/INFO]: Created: 512x256x0 minecraft:textures/atlas/particles.png-atlas
[14:13:53] [Render thread/INFO]: Created: 512x256x0 minecraft:textures/atlas/paintings.png-atlas
[14:13:53] [Render thread/INFO]: Created: 1024x512x0 minecraft:textures/atlas/gui.png-atlas
[14:14:35] [Render thread/INFO]: Connecting to mc.minecub.es, 25565
[14:14:54] [Render thread/INFO]: Loaded 1407 recipes
[14:14:54] [Render thread/INFO]: Loaded 1520 advancements
[14:14:58] [Render thread/INFO]: Stopping!
